   1               		.file	"brush.c"
   2               	__SREG__ = 0x3f
   3               	__SP_H__ = 0x3e
   4               	__SP_L__ = 0x3d
   5               	__CCP__  = 0x34
   6               	__tmp_reg__ = 0
   7               	__zero_reg__ = 1
  15               	.Ltext0:
  16               	.global	PortInt
  18               	PortInt:
  19               	.LFB8:
  20               	.LM1:
  21               	/* prologue: function */
  22               	/* frame size = 0 */
  23               	.LM2:
  24 0000 8EE3      		ldi r24,lo8(62)
  25 0002 84B9      		out 36-32,r24
  26               	.LM3:
  27 0004 15B8      		out 37-32,__zero_reg__
  28               	.LM4:
  29 0006 13B8      		out 35-32,__zero_reg__
  30               	.LM5:
  31 0008 8FE0      		ldi r24,lo8(15)
  32 000a 87B9      		out 39-32,r24
  33               	.LM6:
  34 000c 80E1      		ldi r24,lo8(16)
  35 000e 88B9      		out 40-32,r24
  36               	.LM7:
  37 0010 16B8      		out 38-32,__zero_reg__
  38               	.LM8:
  39 0012 83EE      		ldi r24,lo8(-29)
  40 0014 8AB9      		out 42-32,r24
  41               	.LM9:
  42 0016 1BB8      		out 43-32,__zero_reg__
  43               	.LM10:
  44 0018 19B8      		out 41-32,__zero_reg__
  45               	/* epilogue start */
  46               	.LM11:
  47 001a 0895      		ret
  48               	.LFE8:
  50               	.global	T2Int
  52               	T2Int:
  53               	.LFB9:
  54               	.LM12:
  55               	/* prologue: function */
  56               	/* frame size = 0 */
  57               	.LM13:
  58 001c E0EB      		ldi r30,lo8(176)
  59 001e F0E0      		ldi r31,hi8(176)
  60 0020 8081      		ld r24,Z
  61 0022 8368      		ori r24,lo8(-125)
  62 0024 8083      		st Z,r24
  63               	.LM14:
  64 0026 E1EB      		ldi r30,lo8(177)
  65 0028 F0E0      		ldi r31,hi8(177)
  66 002a 8081      		ld r24,Z
  67 002c 8160      		ori r24,lo8(1)
  68 002e 8083      		st Z,r24
  69               	.LM15:
  70 0030 80E8      		ldi r24,lo8(-128)
  71 0032 8093 B300 		sts 179,r24
  72               	/* epilogue start */
  73               	.LM16:
  74 0036 0895      		ret
  75               	.LFE9:
  77               	.global	T1Int
  79               	T1Int:
  80               	.LFB10:
  81               	.LM17:
  82               	/* prologue: function */
  83               	/* frame size = 0 */
  84               	.LM18:
  85 0038 81EA      		ldi r24,lo8(-95)
  86 003a 8093 8000 		sts 128,r24
  87               	.LM19:
  88 003e 81E0      		ldi r24,lo8(1)
  89 0040 8093 8100 		sts 129,r24
  90               	.LM20:
  91 0044 EAE8      		ldi r30,lo8(138)
  92 0046 F0E0      		ldi r31,hi8(138)
  93 0048 1182      		std Z+1,__zero_reg__
  94 004a 1082      		st Z,__zero_reg__
  95 004c 8081      		ld r24,Z
  96 004e 9181      		ldd r25,Z+1
  97 0050 9093 8900 		sts (136)+1,r25
  98 0054 8093 8800 		sts 136,r24
  99               	/* epilogue start */
 100               	.LM21:
 101 0058 0895      		ret
 102               	.LFE10:
 104               	.global	EiInit
 106               	EiInit:
 107               	.LFB11:
 108               	.LM22:
 109               	/* prologue: function */
 110               	/* frame size = 0 */
 111               	.LM23:
 112 005a 8FE0      		ldi r24,lo8(15)
 113 005c 8093 6900 		sts 105,r24
 114               	.LM24:
 115 0060 83E0      		ldi r24,lo8(3)
 116 0062 8DBB      		out 61-32,r24
 117               	/* epilogue start */
 118               	.LM25:
 119 0064 0895      		ret
 120               	.LFE11:
 122               	.global	ADCInit
 124               	ADCInit:
 125               	.LFB12:
 126               	.LM26:
 127               	/* prologue: function */
 128               	/* frame size = 0 */
 129               	.LM27:
 130 0066 80E6      		ldi r24,lo8(96)
 131 0068 8093 7C00 		sts 124,r24
 132               	.LM28:
 133 006c 85E8      		ldi r24,lo8(-123)
 134 006e 8093 7A00 		sts 122,r24
 135               	.LM29:
 136 0072 86E0      		ldi r24,lo8(6)
 137 0074 8093 7E00 		sts 126,r24
 138               	/* epilogue start */
 139               	.LM30:
 140 0078 0895      		ret
 141               	.LFE12:
 143               	.global	AdConvert
 145               	AdConvert:
 146               	.LFB13:
 147               	.LM31:
 148               	.LVL0:
 149               	/* prologue: function */
 150               	/* frame size = 0 */
 151               	.LM32:
 152 007a ACE7      		ldi r26,lo8(124)
 153 007c B0E0      		ldi r27,hi8(124)
 154 007e 9C91      		ld r25,X
 155 0080 982B      		or r25,r24
 156 0082 9C93      		st X,r25
 157               	.LM33:
 158 0084 EAE7      		ldi r30,lo8(122)
 159 0086 F0E0      		ldi r31,hi8(122)
 160 0088 8081      		ld r24,Z
 161               	.LVL1:
 162 008a 8064      		ori r24,lo8(64)
 163 008c 8083      		st Z,r24
 164               	.LM34:
 165 008e 8081      		ld r24,Z
 166               	.LM35:
 167 0090 8081      		ld r24,Z
 168 0092 8F7B      		andi r24,lo8(-65)
 169 0094 8083      		st Z,r24
 170               	.LM36:
 171 0096 4091 7900 		lds r20,121
 172 009a 50E0      		ldi r21,lo8(0)
 173               	.LVL2:
 174               	.LM37:
 175 009c 440F      		lsl r20
 176 009e 551F      		rol r21
 177 00a0 440F      		lsl r20
 178 00a2 551F      		rol r21
 179               	.LVL3:
 180               	.LM38:
 181 00a4 2091 7800 		lds r18,120
 182               	.LM39:
 183 00a8 8C91      		ld r24,X
 184 00aa 807F      		andi r24,lo8(-16)
 185 00ac 8C93      		st X,r24
 186 00ae 2295      		swap r18
 187 00b0 2695      		lsr r18
 188 00b2 2695      		lsr r18
 189 00b4 2370      		andi r18,lo8(3)
 190 00b6 30E0      		ldi r19,lo8(0)
 191 00b8 242B      		or r18,r20
 192 00ba 352B      		or r19,r21
 193               	.LM40:
 194 00bc C901      		movw r24,r18
 195               	/* epilogue start */
 196 00be 0895      		ret
 197               	.LFE13:
 199               	.global	display
 201               	display:
 202               	.LFB14:
 203               	.LM41:
 204               	/* prologue: function */
 205               	/* frame size = 0 */
 206               	.LM42:
 207 00c0 2C9A      		sbi 37-32,4
 208               	.LM43:
 209 00c2 2D98      		cbi 37-32,5
 210               	.LM44:
 211 00c4 8BB1      		in r24,43-32
 212 00c6 90E2      		ldi r25,lo8(32)
 213 00c8 8927      		eor r24,r25
 214 00ca 8BB9      		out 43-32,r24
 215 00cc 80EA      		ldi r24,lo8(4000)
 216 00ce 9FE0      		ldi r25,hi8(4000)
 217               	.LVL4:
 218               	.LBB38:
 219               	.LBB39:
 220               	.LBB40:
 221               	.LBB41:
 222               	.LM45:
 223 00d0 28EC      		ldi r18,lo8(200)
 224 00d2 30E0      		ldi r19,hi8(200)
 225               	.L14:
 226 00d4 F901      		movw r30,r18
 227               	.LVL5:
 228               	/* #APP */
 229               	 ;  105 "c:/winavr-20100110/lib/gcc/../../avr/include/util/delay_basic.h" 1
 230 00d6 3197      		1: sbiw r30,1
 231 00d8 01F4      		brne 1b
 232               	 ;  0 "" 2
 233               	/* #NOAPP */
 234               	.LBE41:
 235               	.LBE40:
 236               	.LM46:
 237 00da 0197      		sbiw r24,1
 238               	.LM47:
 239 00dc 01F4      		brne .L14
 240               	.LBE39:
 241               	.LBE38:
 242               	.LM48:
 243 00de 8BB1      		in r24,43-32
 244               	.LVL6:
 245 00e0 90E4      		ldi r25,lo8(64)
 246 00e2 8927      		eor r24,r25
 247 00e4 8BB9      		out 43-32,r24
 248               	.LM49:
 249 00e6 2D9A      		sbi 37-32,5
 250               	.LM50:
 251 00e8 2C98      		cbi 37-32,4
 252               	.LM51:
 253 00ea 8BB1      		in r24,43-32
 254 00ec 90E2      		ldi r25,lo8(32)
 255 00ee 8927      		eor r24,r25
 256 00f0 8BB9      		out 43-32,r24
 257 00f2 80EA      		ldi r24,lo8(4000)
 258 00f4 9FE0      		ldi r25,hi8(4000)
 259               	.LVL7:
 260               	.LBB42:
 261               	.LBB43:
 262               	.LBB44:
 263               	.LBB45:
 264               	.LM52:
 265 00f6 28EC      		ldi r18,lo8(200)
 266 00f8 30E0      		ldi r19,hi8(200)
 267               	.L15:
 268 00fa F901      		movw r30,r18
 269               	.LVL8:
 270               	/* #APP */
 271               	 ;  105 "c:/winavr-20100110/lib/gcc/../../avr/include/util/delay_basic.h" 1
 272 00fc 3197      		1: sbiw r30,1
 273 00fe 01F4      		brne 1b
 274               	 ;  0 "" 2
 275               	/* #NOAPP */
 276               	.LBE45:
 277               	.LBE44:
 278               	.LM53:
 279 0100 0197      		sbiw r24,1
 280               	.LM54:
 281 0102 01F4      		brne .L15
 282               	.LBE43:
 283               	.LBE42:
 284               	.LM55:
 285 0104 8BB1      		in r24,43-32
 286               	.LVL9:
 287 0106 90E4      		ldi r25,lo8(64)
 288 0108 8927      		eor r24,r25
 289 010a 8BB9      		out 43-32,r24
 290               	.LM56:
 291 010c 2C9A      		sbi 37-32,4
 292               	.LM57:
 293 010e 2D98      		cbi 37-32,5
 294               	.LM58:
 295 0110 8BB1      		in r24,43-32
 296 0112 90E2      		ldi r25,lo8(32)
 297 0114 8927      		eor r24,r25
 298 0116 8BB9      		out 43-32,r24
 299 0118 80EA      		ldi r24,lo8(4000)
 300 011a 9FE0      		ldi r25,hi8(4000)
 301               	.LVL10:
 302               	.LBB46:
 303               	.LBB47:
 304               	.LBB48:
 305               	.LBB49:
 306               	.LM59:
 307 011c 28EC      		ldi r18,lo8(200)
 308 011e 30E0      		ldi r19,hi8(200)
 309               	.L16:
 310 0120 F901      		movw r30,r18
 311               	.LVL11:
 312               	/* #APP */
 313               	 ;  105 "c:/winavr-20100110/lib/gcc/../../avr/include/util/delay_basic.h" 1
 314 0122 3197      		1: sbiw r30,1
 315 0124 01F4      		brne 1b
 316               	 ;  0 "" 2
 317               	/* #NOAPP */
 318               	.LBE49:
 319               	.LBE48:
 320               	.LM60:
 321 0126 0197      		sbiw r24,1
 322               	.LM61:
 323 0128 01F4      		brne .L16
 324               	.LBE47:
 325               	.LBE46:
 326               	.LM62:
 327 012a 8BB1      		in r24,43-32
 328               	.LVL12:
 329 012c 90E4      		ldi r25,lo8(64)
 330 012e 8927      		eor r24,r25
 331 0130 8BB9      		out 43-32,r24
 332               	.LM63:
 333 0132 2D9A      		sbi 37-32,5
 334               	.LM64:
 335 0134 2C98      		cbi 37-32,4
 336               	.LM65:
 337 0136 8BB1      		in r24,43-32
 338 0138 90E2      		ldi r25,lo8(32)
 339 013a 8927      		eor r24,r25
 340 013c 8BB9      		out 43-32,r24
 341 013e 80EA      		ldi r24,lo8(4000)
 342 0140 9FE0      		ldi r25,hi8(4000)
 343               	.LVL13:
 344               	.LBB50:
 345               	.LBB51:
 346               	.LBB52:
 347               	.LBB53:
 348               	.LM66:
 349 0142 28EC      		ldi r18,lo8(200)
 350 0144 30E0      		ldi r19,hi8(200)
 351               	.L17:
 352 0146 F901      		movw r30,r18
 353               	.LVL14:
 354               	/* #APP */
 355               	 ;  105 "c:/winavr-20100110/lib/gcc/../../avr/include/util/delay_basic.h" 1
 356 0148 3197      		1: sbiw r30,1
 357 014a 01F4      		brne 1b
 358               	 ;  0 "" 2
 359               	/* #NOAPP */
 360               	.LBE53:
 361               	.LBE52:
 362               	.LM67:
 363 014c 0197      		sbiw r24,1
 364               	.LM68:
 365 014e 01F4      		brne .L17
 366               	.LBE51:
 367               	.LBE50:
 368               	.LM69:
 369 0150 8BB1      		in r24,43-32
 370               	.LVL15:
 371 0152 90E4      		ldi r25,lo8(64)
 372 0154 8927      		eor r24,r25
 373 0156 8BB9      		out 43-32,r24
 374               	.LM70:
 375 0158 2D98      		cbi 37-32,5
 376               	.LM71:
 377 015a 5D98      		cbi 43-32,5
 378               	/* epilogue start */
 379               	.LM72:
 380 015c 0895      		ret
 381               	.LFE14:
 383               	.global	__vector_16
 385               	__vector_16:
 386               	.LFB15:
 387               	.LM73:
 388 015e 1F92      		push __zero_reg__
 389 0160 0F92      		push r0
 390 0162 0FB6      		in r0,__SREG__
 391 0164 0F92      		push r0
 392 0166 1124      		clr __zero_reg__
 393 0168 8F93      		push r24
 394               	/* prologue: Signal */
 395               	/* frame size = 0 */
 396               	.LM74:
 397 016a 16BC      		out 70-32,__zero_reg__
 398               	.LM75:
 399 016c 8091 0000 		lds r24,t0Count
 400 0170 8F5F      		subi r24,lo8(-(1))
 401 0172 8093 0000 		sts t0Count,r24
 402               	.LM76:
 403 0176 8091 0000 		lds r24,t0Count
 404 017a 8536      		cpi r24,lo8(101)
 405 017c 00F0      		brlo .L25
 406               	.LM77:
 407 017e 1092 0000 		sts t0Count,__zero_reg__
 408               	.L25:
 409               	/* epilogue start */
 410               	.LM78:
 411 0182 8F91      		pop r24
 412 0184 0F90      		pop r0
 413 0186 0FBE      		out __SREG__,r0
 414 0188 0F90      		pop r0
 415 018a 1F90      		pop __zero_reg__
 416 018c 1895      		reti
 417               	.LFE15:
 419               	.global	__vector_1
 421               	__vector_1:
 422               	.LFB16:
 423               	.LM79:
 424 018e 1F92      		push __zero_reg__
 425 0190 0F92      		push r0
 426 0192 0FB6      		in r0,__SREG__
 427 0194 0F92      		push r0
 428 0196 1124      		clr __zero_reg__
 429 0198 2F93      		push r18
 430 019a 4F93      		push r20
 431 019c 5F93      		push r21
 432 019e 8F93      		push r24
 433 01a0 9F93      		push r25
 434               	/* prologue: Signal */
 435               	/* frame size = 0 */
 436               	.LM80:
 437 01a2 8091 0000 		lds r24,i0Flag
 438 01a6 8823      		tst r24
 439 01a8 01F0      		breq .L27
 440               	.LM81:
 441 01aa 8091 0000 		lds r24,t0Start
 442 01ae 8823      		tst r24
 443 01b0 01F4      		brne .L28
 444               	.LM82:
 445 01b2 16BC      		out 70-32,__zero_reg__
 446 01b4 85B5      		in r24,69-32
 447 01b6 8160      		ori r24,lo8(1)
 448 01b8 85BD      		out 69-32,r24
 449 01ba 8091 6E00 		lds r24,110
 450 01be 8160      		ori r24,lo8(1)
 451 01c0 8093 6E00 		sts 110,r24
 452               	.LM83:
 453 01c4 1092 0000 		sts (i0Start)+1,__zero_reg__
 454 01c8 1092 0000 		sts i0Start,__zero_reg__
 455 01cc 00C0      		rjmp .L29
 456               	.L28:
 457               	.LM84:
 458 01ce 8091 0000 		lds r24,t0Count
 459 01d2 26B5      		in r18,70-32
 460 01d4 90E0      		ldi r25,lo8(0)
 461 01d6 0296      		adiw r24,2
 462 01d8 45E0      		ldi r20,5
 463 01da 880F      	1:	lsl r24
 464 01dc 991F      		rol r25
 465 01de 4A95      		dec r20
 466 01e0 01F4      		brne 1b
 467 01e2 2695      		lsr r18
 468 01e4 2695      		lsr r18
 469 01e6 2695      		lsr r18
 470 01e8 820F      		add r24,r18
 471 01ea 911D      		adc r25,__zero_reg__
 472 01ec 9093 0000 		sts (i0Start)+1,r25
 473 01f0 8093 0000 		sts i0Start,r24
 474               	.L29:
 475               	.LM85:
 476 01f4 8091 0000 		lds r24,t0Start
 477 01f8 8F5F      		subi r24,lo8(-(1))
 478 01fa 8093 0000 		sts t0Start,r24
 479               	.LM86:
 480 01fe 8091 6900 		lds r24,105
 481 0202 8E7F      		andi r24,lo8(-2)
 482 0204 8093 6900 		sts 105,r24
 483               	.LM87:
 484 0208 1092 0000 		sts i0Flag,__zero_reg__
 485 020c 00C0      		rjmp .L32
 486               	.L27:
 487               	.LM88:
 488 020e 8091 0000 		lds r24,t0Count
 489 0212 26B5      		in r18,70-32
 490 0214 4091 0000 		lds r20,i0Start
 491 0218 5091 0000 		lds r21,(i0Start)+1
 492 021c 90E0      		ldi r25,lo8(0)
 493 021e 0296      		adiw r24,2
 494 0220 6894      		set
 495 0222 14F8      		bld __zero_reg__,5-1
 496 0224 880F      	1:	lsl r24
 497 0226 991F      		rol r25
 498 0228 1694      		lsr __zero_reg__
 499 022a 01F4      		brne 1b
 500 022c 2695      		lsr r18
 501 022e 2695      		lsr r18
 502 0230 2695      		lsr r18
 503 0232 820F      		add r24,r18
 504 0234 911D      		adc r25,__zero_reg__
 505 0236 841B      		sub r24,r20
 506 0238 950B      		sbc r25,r21
 507 023a 9093 0000 		sts (s0Count)+1,r25
 508 023e 8093 0000 		sts s0Count,r24
 509               	.LM89:
 510 0242 8091 0000 		lds r24,t0Start
 511 0246 8150      		subi r24,lo8(-(-1))
 512 0248 8093 0000 		sts t0Start,r24
 513               	.LM90:
 514 024c 8091 0000 		lds r24,t0Start
 515 0250 8823      		tst r24
 516 0252 01F4      		brne .L31
 517               	.LM91:
 518 0254 1092 0000 		sts t0Count,__zero_reg__
 519               	.LM92:
 520 0258 85B5      		in r24,69-32
 521 025a 8D7F      		andi r24,lo8(-3)
 522 025c 85BD      		out 69-32,r24
 523 025e 8091 6E00 		lds r24,110
 524 0262 8E7F      		andi r24,lo8(-2)
 525 0264 8093 6E00 		sts 110,r24
 526               	.L31:
 527               	.LM93:
 528 0268 81E0      		ldi r24,lo8(1)
 529 026a 8093 0000 		sts s0Ready,r24
 530               	.LM94:
 531 026e 9091 0000 		lds r25,lost
 532 0272 9160      		ori r25,lo8(1)
 533 0274 9093 0000 		sts lost,r25
 534               	.LM95:
 535 0278 9091 6900 		lds r25,105
 536 027c 9160      		ori r25,lo8(1)
 537 027e 9093 6900 		sts 105,r25
 538               	.LM96:
 539 0282 8093 0000 		sts i0Flag,r24
 540               	.L32:
 541               	/* epilogue start */
 542               	.LM97:
 543 0286 9F91      		pop r25
 544 0288 8F91      		pop r24
 545 028a 5F91      		pop r21
 546 028c 4F91      		pop r20
 547 028e 2F91      		pop r18
 548 0290 0F90      		pop r0
 549 0292 0FBE      		out __SREG__,r0
 550 0294 0F90      		pop r0
 551 0296 1F90      		pop __zero_reg__
 552 0298 1895      		reti
 553               	.LFE16:
 555               	.global	__vector_2
 557               	__vector_2:
 558               	.LFB17:
 559               	.LM98:
 560 029a 1F92      		push __zero_reg__
 561 029c 0F92      		push r0
 562 029e 0FB6      		in r0,__SREG__
 563 02a0 0F92      		push r0
 564 02a2 1124      		clr __zero_reg__
 565 02a4 2F93      		push r18
 566 02a6 4F93      		push r20
 567 02a8 5F93      		push r21
 568 02aa 8F93      		push r24
 569 02ac 9F93      		push r25
 570               	/* prologue: Signal */
 571               	/* frame size = 0 */
 572               	.LM99:
 573 02ae 8091 0000 		lds r24,i1Flag
 574 02b2 8823      		tst r24
 575 02b4 01F0      		breq .L34
 576               	.LM100:
 577 02b6 8091 0000 		lds r24,t0Start
 578 02ba 8823      		tst r24
 579 02bc 01F4      		brne .L35
 580               	.LM101:
 581 02be 16BC      		out 70-32,__zero_reg__
 582 02c0 85B5      		in r24,69-32
 583 02c2 8160      		ori r24,lo8(1)
 584 02c4 85BD      		out 69-32,r24
 585 02c6 8091 6E00 		lds r24,110
 586 02ca 8160      		ori r24,lo8(1)
 587 02cc 8093 6E00 		sts 110,r24
 588               	.LM102:
 589 02d0 1092 0000 		sts (i1Start)+1,__zero_reg__
 590 02d4 1092 0000 		sts i1Start,__zero_reg__
 591 02d8 00C0      		rjmp .L36
 592               	.L35:
 593               	.LM103:
 594 02da 8091 0000 		lds r24,t0Count
 595 02de 26B5      		in r18,70-32
 596 02e0 90E0      		ldi r25,lo8(0)
 597 02e2 0296      		adiw r24,2
 598 02e4 45E0      		ldi r20,5
 599 02e6 880F      	1:	lsl r24
 600 02e8 991F      		rol r25
 601 02ea 4A95      		dec r20
 602 02ec 01F4      		brne 1b
 603 02ee 2695      		lsr r18
 604 02f0 2695      		lsr r18
 605 02f2 2695      		lsr r18
 606 02f4 820F      		add r24,r18
 607 02f6 911D      		adc r25,__zero_reg__
 608 02f8 9093 0000 		sts (i1Start)+1,r25
 609 02fc 8093 0000 		sts i1Start,r24
 610               	.L36:
 611               	.LM104:
 612 0300 8091 0000 		lds r24,t0Start
 613 0304 8F5F      		subi r24,lo8(-(1))
 614 0306 8093 0000 		sts t0Start,r24
 615               	.LM105:
 616 030a 8091 6900 		lds r24,105
 617 030e 8B7F      		andi r24,lo8(-5)
 618 0310 8093 6900 		sts 105,r24
 619               	.LM106:
 620 0314 1092 0000 		sts i1Flag,__zero_reg__
 621 0318 00C0      		rjmp .L39
 622               	.L34:
 623               	.LM107:
 624 031a 8091 0000 		lds r24,t0Count
 625 031e 26B5      		in r18,70-32
 626 0320 4091 0000 		lds r20,i1Start
 627 0324 5091 0000 		lds r21,(i1Start)+1
 628 0328 90E0      		ldi r25,lo8(0)
 629 032a 0296      		adiw r24,2
 630 032c 6894      		set
 631 032e 14F8      		bld __zero_reg__,5-1
 632 0330 880F      	1:	lsl r24
 633 0332 991F      		rol r25
 634 0334 1694      		lsr __zero_reg__
 635 0336 01F4      		brne 1b
 636 0338 2695      		lsr r18
 637 033a 2695      		lsr r18
 638 033c 2695      		lsr r18
 639 033e 820F      		add r24,r18
 640 0340 911D      		adc r25,__zero_reg__
 641 0342 841B      		sub r24,r20
 642 0344 950B      		sbc r25,r21
 643 0346 9093 0000 		sts (s1Count)+1,r25
 644 034a 8093 0000 		sts s1Count,r24
 645               	.LM108:
 646 034e 8091 0000 		lds r24,t0Start
 647 0352 8150      		subi r24,lo8(-(-1))
 648 0354 8093 0000 		sts t0Start,r24
 649               	.LM109:
 650 0358 8091 0000 		lds r24,t0Start
 651 035c 8823      		tst r24
 652 035e 01F4      		brne .L38
 653               	.LM110:
 654 0360 1092 0000 		sts t0Count,__zero_reg__
 655               	.LM111:
 656 0364 85B5      		in r24,69-32
 657 0366 8D7F      		andi r24,lo8(-3)
 658 0368 85BD      		out 69-32,r24
 659 036a 8091 6E00 		lds r24,110
 660 036e 8E7F      		andi r24,lo8(-2)
 661 0370 8093 6E00 		sts 110,r24
 662               	.L38:
 663               	.LM112:
 664 0374 81E0      		ldi r24,lo8(1)
 665 0376 8093 0000 		sts s1Ready,r24
 666               	.LM113:
 667 037a 9091 0000 		lds r25,lost
 668 037e 9260      		ori r25,lo8(2)
 669 0380 9093 0000 		sts lost,r25
 670               	.LM114:
 671 0384 9091 6900 		lds r25,105
 672 0388 9460      		ori r25,lo8(4)
 673 038a 9093 6900 		sts 105,r25
 674               	.LM115:
 675 038e 8093 0000 		sts i1Flag,r24
 676               	.L39:
 677               	/* epilogue start */
 678               	.LM116:
 679 0392 9F91      		pop r25
 680 0394 8F91      		pop r24
 681 0396 5F91      		pop r21
 682 0398 4F91      		pop r20
 683 039a 2F91      		pop r18
 684 039c 0F90      		pop r0
 685 039e 0FBE      		out __SREG__,r0
 686 03a0 0F90      		pop r0
 687 03a2 1F90      		pop __zero_reg__
 688 03a4 1895      		reti
 689               	.LFE17:
 691               	.global	move
 693               	move:
 694               	.LFB18:
 695               	.LM117:
 696               	.LVL16:
 697               	/* prologue: function */
 698               	/* frame size = 0 */
 699               	.LM118:
 700 03a6 1816      		cp __zero_reg__,r24
 701 03a8 1906      		cpc __zero_reg__,r25
 702 03aa 04F4      		brge .L41
 703               	.LM119:
 704 03ac 5898      		cbi 43-32,0
 705               	.LM120:
 706 03ae 419A      		sbi 40-32,1
 707               	.LM121:
 708 03b0 4098      		cbi 40-32,0
 709 03b2 00C0      		rjmp .L42
 710               	.L41:
 711               	.LM122:
 712 03b4 589A      		sbi 43-32,0
 713               	.LM123:
 714 03b6 409A      		sbi 40-32,0
 715               	.LM124:
 716 03b8 4198      		cbi 40-32,1
 717               	.L42:
 718               	.LM125:
 719 03ba 9093 0000 		sts (history)+1,r25
 720 03be 8093 0000 		sts history,r24
 721               	.LM126:
 722 03c2 1616      		cp __zero_reg__,r22
 723 03c4 1706      		cpc __zero_reg__,r23
 724 03c6 04F4      		brge .L43
 725               	.LM127:
 726 03c8 5998      		cbi 43-32,1
 727               	.LM128:
 728 03ca 439A      		sbi 40-32,3
 729               	.LM129:
 730 03cc 4298      		cbi 40-32,2
 731 03ce 00C0      		rjmp .L44
 732               	.L43:
 733               	.LM130:
 734 03d0 599A      		sbi 43-32,1
 735               	.LM131:
 736 03d2 429A      		sbi 40-32,2
 737               	.LM132:
 738 03d4 4398      		cbi 40-32,3
 739               	.L44:
 740               	.LM133:
 741 03d6 7093 0000 		sts (history+2)+1,r23
 742 03da 6093 0000 		sts history+2,r22
 743               	.LM134:
 744 03de 97FF      		sbrs r25,7
 745 03e0 00C0      		rjmp .L45
 746 03e2 9095      		com r25
 747 03e4 8195      		neg r24
 748 03e6 9F4F      		sbci r25,lo8(-1)
 749               	.LVL17:
 750               	.L45:
 751               	.LM135:
 752 03e8 77FF      		sbrs r23,7
 753 03ea 00C0      		rjmp .L46
 754 03ec 7095      		com r23
 755 03ee 6195      		neg r22
 756 03f0 7F4F      		sbci r23,lo8(-1)
 757               	.LVL18:
 758               	.L46:
 759               	.LM136:
 760 03f2 21E0      		ldi r18,hi8(509)
 761 03f4 8D3F      		cpi r24,lo8(509)
 762 03f6 9207      		cpc r25,r18
 763 03f8 04F0      		brlt .L47
 764 03fa 8CEF      		ldi r24,lo8(508)
 765 03fc 91E0      		ldi r25,hi8(508)
 766               	.LVL19:
 767               	.L47:
 768 03fe 9595      		asr r25
 769 0400 8795      		ror r24
 770               	.LVL20:
 771 0402 9093 8900 		sts (136)+1,r25
 772 0406 8093 8800 		sts 136,r24
 773               	.LM137:
 774 040a 81E0      		ldi r24,hi8(509)
 775 040c 6D3F      		cpi r22,lo8(509)
 776 040e 7807      		cpc r23,r24
 777               	.LVL21:
 778 0410 04F0      		brlt .L48
 779 0412 6CEF      		ldi r22,lo8(508)
 780 0414 71E0      		ldi r23,hi8(508)
 781               	.LVL22:
 782               	.L48:
 783 0416 7595      		asr r23
 784 0418 6795      		ror r22
 785               	.LVL23:
 786 041a 7093 8B00 		sts (138)+1,r23
 787 041e 6093 8A00 		sts 138,r22
 788               	/* epilogue start */
 789               	.LM138:
 790 0422 0895      		ret
 791               	.LFE18:
 793               	.global	CloseHB
 795               	CloseHB:
 796               	.LFB19:
 797               	.LM139:
 798               	/* prologue: function */
 799               	/* frame size = 0 */
 800               	.LM140:
 801 0424 419A      		sbi 40-32,1
 802               	.LM141:
 803 0426 409A      		sbi 40-32,0
 804               	.LM142:
 805 0428 439A      		sbi 40-32,3
 806               	.LM143:
 807 042a 429A      		sbi 40-32,2
 808               	/* epilogue start */
 809               	.LM144:
 810 042c 0895      		ret
 811               	.LFE19:
 813               	.global	main
 815               	main:
 816               	.LFB20:
 817               	.LM145:
 818 042e 7F92      		push r7
 819 0430 8F92      		push r8
 820 0432 9F92      		push r9
 821 0434 AF92      		push r10
 822 0436 BF92      		push r11
 823 0438 CF92      		push r12
 824 043a DF92      		push r13
 825 043c EF92      		push r14
 826 043e FF92      		push r15
 827 0440 0F93      		push r16
 828 0442 1F93      		push r17
 829 0444 CF93      		push r28
 830 0446 DF93      		push r29
 831               	/* prologue: function */
 832               	/* frame size = 0 */
 833               	.LM146:
 834 0448 00D0      		rcall PortInt
 835               	.LM147:
 836 044a 00D0      		rcall display
 837               	.LM148:
 838 044c 00D0      		rcall CloseHB
 839               	.LBB54:
 840               	.LBB55:
 841               	.LM149:
 842 044e 81EA      		ldi r24,lo8(-95)
 843 0450 8093 8000 		sts 128,r24
 844               	.LM150:
 845 0454 81E0      		ldi r24,lo8(1)
 846 0456 8093 8100 		sts 129,r24
 847               	.LM151:
 848 045a 1092 8B00 		sts (138)+1,__zero_reg__
 849 045e 1092 8A00 		sts 138,__zero_reg__
 850 0462 8091 8A00 		lds r24,138
 851 0466 9091 8B00 		lds r25,(138)+1
 852 046a 9093 8900 		sts (136)+1,r25
 853 046e 8093 8800 		sts 136,r24
 854               	.LBE55:
 855               	.LBE54:
 856               	.LBB56:
 857               	.LBB57:
 858               	.LM152:
 859 0472 8091 B000 		lds r24,176
 860 0476 8368      		ori r24,lo8(-125)
 861 0478 8093 B000 		sts 176,r24
 862               	.LM153:
 863 047c 8091 B100 		lds r24,177
 864 0480 8160      		ori r24,lo8(1)
 865 0482 8093 B100 		sts 177,r24
 866               	.LM154:
 867 0486 80E8      		ldi r24,lo8(-128)
 868 0488 8093 B300 		sts 179,r24
 869               	.LBE57:
 870               	.LBE56:
 871               	.LBB58:
 872               	.LBB59:
 873               	.LM155:
 874 048c 80E6      		ldi r24,lo8(96)
 875 048e 8093 7C00 		sts 124,r24
 876               	.LM156:
 877 0492 85E8      		ldi r24,lo8(-123)
 878 0494 8093 7A00 		sts 122,r24
 879               	.LM157:
 880 0498 86E0      		ldi r24,lo8(6)
 881 049a 8093 7E00 		sts 126,r24
 882               	.LBE59:
 883               	.LBE58:
 884               	.LM158:
 885 049e 8FB7      		in r24,__SREG__
 886 04a0 8068      		ori r24,lo8(-128)
 887 04a2 8FBF      		out __SREG__,r24
 888               	.LBB60:
 889               	.LBB61:
 890               	.LM159:
 891 04a4 8FE0      		ldi r24,lo8(15)
 892 04a6 8093 6900 		sts 105,r24
 893               	.LM160:
 894 04aa 83E0      		ldi r24,lo8(3)
 895 04ac 8DBB      		out 61-32,r24
 896               	.LBE61:
 897               	.LBE60:
 898               	.LM161:
 899 04ae 80E0      		ldi r24,lo8(0)
 900 04b0 90E0      		ldi r25,hi8(0)
 901 04b2 60E0      		ldi r22,lo8(0)
 902 04b4 70E0      		ldi r23,hi8(0)
 903 04b6 00D0      		rcall move
 904 04b8 EE24      		clr r14
 905 04ba FF24      		clr r15
 906               	.LVL24:
 907 04bc BB24      		clr r11
 908 04be B394      		inc r11
 909               	.LVL25:
 910 04c0 CC24      		clr r12
 911 04c2 DD24      		clr r13
 912               	.LVL26:
 913 04c4 00E0      		ldi r16,lo8(0)
 914 04c6 10E0      		ldi r17,hi8(0)
 915               	.LVL27:
 916               	.LM162:
 917 04c8 90E4      		ldi r25,lo8(64)
 918 04ca A92E      		mov r10,r25
 919               	.LM163:
 920 04cc 80E1      		ldi r24,lo8(16)
 921 04ce 782E      		mov r7,r24
 922               	.LM164:
 923 04d0 BCEF      		ldi r27,lo8(508)
 924 04d2 8B2E      		mov r8,r27
 925 04d4 B1E0      		ldi r27,hi8(508)
 926 04d6 9B2E      		mov r9,r27
 927 04d8 00C0      		rjmp .L53
 928               	.LVL28:
 929               	.L72:
 930               	.LM165:
 931 04da 0F5F      		subi r16,lo8(-(1))
 932 04dc 1F4F      		sbci r17,hi8(-(1))
 933               	.L73:
 934 04de 6E01      		movw r12,r28
 935               	.LVL29:
 936               	.L53:
 937               	.LM166:
 938 04e0 8BB1      		in r24,43-32
 939 04e2 8A25      		eor r24,r10
 940 04e4 8BB9      		out 43-32,r24
 941               	.LM167:
 942 04e6 8091 0000 		lds r24,lost
 943 04ea 8330      		cpi r24,lo8(3)
 944 04ec 01F0      		breq .+2
 945 04ee 00C0      		rjmp .L54
 946 04f0 BB20      		tst r11
 947 04f2 01F4      		brne .+2
 948 04f4 00C0      		rjmp .L54
 949               	.LM168:
 950 04f6 85B1      		in r24,37-32
 951 04f8 8725      		eor r24,r7
 952 04fa 85B9      		out 37-32,r24
 953               	.LM169:
 954 04fc 8091 0000 		lds r24,s1Ready
 955 0500 8823      		tst r24
 956 0502 01F4      		brne .+2
 957 0504 00C0      		rjmp .L55
 958               	.LM170:
 959 0506 1092 0000 		sts s1Ready,__zero_reg__
 960               	.LM171:
 961 050a 8091 0000 		lds r24,s1Count
 962 050e 9091 0000 		lds r25,(s1Count)+1
 963 0512 8C5D      		subi r24,lo8(-(-1500))
 964 0514 9540      		sbci r25,hi8(-(-1500))
 965 0516 9093 0000 		sts (s1Count)+1,r25
 966 051a 8093 0000 		sts s1Count,r24
 967               	.LM172:
 968 051e 8091 0000 		lds r24,s1Count
 969 0522 9091 0000 		lds r25,(s1Count)+1
 970 0526 1816      		cp __zero_reg__,r24
 971 0528 1906      		cpc __zero_reg__,r25
 972 052a 04F4      		brge .L56
 973               	.LM173:
 974 052c 5998      		cbi 43-32,1
 975               	.LM174:
 976 052e 439A      		sbi 40-32,3
 977               	.LM175:
 978 0530 4298      		cbi 40-32,2
 979 0532 00C0      		rjmp .L57
 980               	.L56:
 981               	.LM176:
 982 0534 8091 0000 		lds r24,s1Count
 983 0538 9091 0000 		lds r25,(s1Count)+1
 984 053c 97FF      		sbrs r25,7
 985 053e 00C0      		rjmp .L58
 986 0540 9095      		com r25
 987 0542 8195      		neg r24
 988 0544 9F4F      		sbci r25,lo8(-1)
 989               	.L58:
 990 0546 9093 0000 		sts (s1Count)+1,r25
 991 054a 8093 0000 		sts s1Count,r24
 992               	.LM177:
 993 054e 599A      		sbi 43-32,1
 994               	.LM178:
 995 0550 429A      		sbi 40-32,2
 996               	.LM179:
 997 0552 4398      		cbi 40-32,3
 998               	.L57:
 999               	.LM180:
 1000 0554 8091 0000 		lds r24,s1Count
 1001 0558 9091 0000 		lds r25,(s1Count)+1
 1002 055c 8D5F      		subi r24,lo8(509)
 1003 055e 9140      		sbci r25,hi8(509)
 1004 0560 04F0      		brlt .L59
 1005               	.LM181:
 1006 0562 9092 0000 		sts (s1Count)+1,r9
 1007 0566 8092 0000 		sts s1Count,r8
 1008               	.L59:
 1009               	.LM182:
 1010 056a 8091 0000 		lds r24,s1Count
 1011 056e 9091 0000 		lds r25,(s1Count)+1
 1012 0572 9595      		asr r25
 1013 0574 8795      		ror r24
 1014 0576 9093 8900 		sts (136)+1,r25
 1015 057a 8093 8800 		sts 136,r24
 1016               	.LM183:
 1017 057e 8091 0000 		lds r24,lost
 1018 0582 8D7F      		andi r24,lo8(-3)
 1019 0584 8093 0000 		sts lost,r24
 1020               	.L55:
 1021               	.LM184:
 1022 0588 8091 0000 		lds r24,s0Ready
 1023 058c 8823      		tst r24
 1024 058e 01F4      		brne .+2
 1025 0590 00C0      		rjmp .L75
 1026               	.L60:
 1027               	.LM185:
 1028 0592 1092 0000 		sts s0Ready,__zero_reg__
 1029               	.LM186:
 1030 0596 8091 0000 		lds r24,s0Count
 1031 059a 9091 0000 		lds r25,(s0Count)+1
 1032 059e 8C5D      		subi r24,lo8(-(-1500))
 1033 05a0 9540      		sbci r25,hi8(-(-1500))
 1034 05a2 9093 0000 		sts (s0Count)+1,r25
 1035 05a6 8093 0000 		sts s0Count,r24
 1036               	.LM187:
 1037 05aa 8091 0000 		lds r24,s0Count
 1038 05ae 9091 0000 		lds r25,(s0Count)+1
 1039 05b2 1816      		cp __zero_reg__,r24
 1040 05b4 1906      		cpc __zero_reg__,r25
 1041 05b6 04F4      		brge .L61
 1042               	.LM188:
 1043 05b8 5898      		cbi 43-32,0
 1044               	.LM189:
 1045 05ba 419A      		sbi 40-32,1
 1046               	.LM190:
 1047 05bc 4098      		cbi 40-32,0
 1048 05be 00C0      		rjmp .L62
 1049               	.L61:
 1050               	.LM191:
 1051 05c0 8091 0000 		lds r24,s0Count
 1052 05c4 9091 0000 		lds r25,(s0Count)+1
 1053 05c8 97FF      		sbrs r25,7
 1054 05ca 00C0      		rjmp .L63
 1055 05cc 9095      		com r25
 1056 05ce 8195      		neg r24
 1057 05d0 9F4F      		sbci r25,lo8(-1)
 1058               	.L63:
 1059 05d2 9093 0000 		sts (s0Count)+1,r25
 1060 05d6 8093 0000 		sts s0Count,r24
 1061               	.LM192:
 1062 05da 589A      		sbi 43-32,0
 1063               	.LM193:
 1064 05dc 409A      		sbi 40-32,0
 1065               	.LM194:
 1066 05de 4198      		cbi 40-32,1
 1067               	.L62:
 1068               	.LM195:
 1069 05e0 8091 0000 		lds r24,s0Count
 1070 05e4 9091 0000 		lds r25,(s0Count)+1
 1071 05e8 8D5F      		subi r24,lo8(509)
 1072 05ea 9140      		sbci r25,hi8(509)
 1073 05ec 04F0      		brlt .L64
 1074               	.LM196:
 1075 05ee 9092 0000 		sts (s0Count)+1,r9
 1076 05f2 8092 0000 		sts s0Count,r8
 1077               	.L64:
 1078               	.LM197:
 1079 05f6 8091 0000 		lds r24,s0Count
 1080 05fa 9091 0000 		lds r25,(s0Count)+1
 1081 05fe 9595      		asr r25
 1082 0600 8795      		ror r24
 1083 0602 9093 8B00 		sts (138)+1,r25
 1084 0606 8093 8A00 		sts 138,r24
 1085               	.LM198:
 1086 060a 8091 0000 		lds r24,lost
 1087 060e 8E7F      		andi r24,lo8(-2)
 1088 0610 8093 0000 		sts lost,r24
 1089               	.L75:
 1090 0614 00E0      		ldi r16,lo8(0)
 1091 0616 10E0      		ldi r17,hi8(0)
 1092               	.L54:
 1093               	.LM199:
 1094 0618 86E0      		ldi r24,lo8(6)
 1095 061a 00D0      		rcall AdConvert
 1096               	.LM200:
 1097 061c 803F      		cpi r24,240
 1098 061e 9105      		cpc r25,__zero_reg__
 1099 0620 00F4      		brsh .L65
 1100               	.LM201:
 1101 0622 E601      		movw r28,r12
 1102 0624 2196      		adiw r28,1
 1103               	.LVL30:
 1104 0626 81E4      		ldi r24,lo8(-25535)
 1105 0628 C816      		cp r12,r24
 1106 062a 8CE9      		ldi r24,hi8(-25535)
 1107 062c D806      		cpc r13,r24
 1108 062e 00F0      		brlo .L66
 1109               	.LVL31:
 1110               	.LM202:
 1111 0630 23EB      		ldi r18,hi8(-19536)
 1112 0632 C03B      		cpi r28,lo8(-19536)
 1113 0634 D207      		cpc r29,r18
 1114 0636 00F4      		brsh .L65
 1115               	.LVL32:
 1116               	.LM203:
 1117 0638 5D9A      		sbi 43-32,5
 1118 063a 00C0      		rjmp .L66
 1119               	.LVL33:
 1120               	.L65:
 1121               	.LM204:
 1122 063c 5D98      		cbi 43-32,5
 1123 063e C0E0      		ldi r28,lo8(0)
 1124 0640 D0E0      		ldi r29,hi8(0)
 1125               	.LVL34:
 1126               	.L66:
 1127               	.LM205:
 1128 0642 87E0      		ldi r24,lo8(7)
 1129 0644 00D0      		rcall AdConvert
 1130               	.LM206:
 1131 0646 835F      		subi r24,lo8(1011)
 1132 0648 9340      		sbci r25,hi8(1011)
 1133 064a 00F0      		brlo .L68
 1134               	.LM207:
 1135 064c 81ED      		ldi r24,lo8(2001)
 1136 064e E816      		cp r14,r24
 1137 0650 87E0      		ldi r24,hi8(2001)
 1138 0652 F806      		cpc r15,r24
 1139 0654 04F4      		brge .L69
 1140 0656 0894      		sec
 1141 0658 E11C      		adc r14,__zero_reg__
 1142 065a F11C      		adc r15,__zero_reg__
 1143 065c 00C0      		rjmp .L70
 1144               	.L69:
 1145               	.LM208:
 1146 065e 2D9A      		sbi 37-32,5
 1147               	.LM209:
 1148 0660 1092 8B00 		sts (138)+1,__zero_reg__
 1149 0664 1092 8A00 		sts 138,__zero_reg__
 1150 0668 8091 8A00 		lds r24,138
 1151 066c 9091 8B00 		lds r25,(138)+1
 1152 0670 9093 8900 		sts (136)+1,r25
 1153 0674 8093 8800 		sts 136,r24
 1154 0678 EE24      		clr r14
 1155 067a FF24      		clr r15
 1156 067c BB24      		clr r11
 1157 067e 00C0      		rjmp .L70
 1158               	.L68:
 1159               	.LM210:
 1160 0680 20E0      		ldi r18,lo8(-32000)
 1161 0682 E216      		cp r14,r18
 1162 0684 23E8      		ldi r18,hi8(-32000)
 1163 0686 F206      		cpc r15,r18
 1164 0688 04F0      		brlt .L71
 1165 068a 0894      		sec
 1166 068c E108      		sbc r14,__zero_reg__
 1167 068e F108      		sbc r15,__zero_reg__
 1168 0690 00C0      		rjmp .L70
 1169               	.L71:
 1170               	.LM211:
 1171 0692 2D98      		cbi 37-32,5
 1172 0694 EE24      		clr r14
 1173 0696 FF24      		clr r15
 1174 0698 BB24      		clr r11
 1175 069a B394      		inc r11
 1176               	.L70:
 1177               	.LM212:
 1178 069c 87E1      		ldi r24,hi8(6001)
 1179 069e 0137      		cpi r16,lo8(6001)
 1180 06a0 1807      		cpc r17,r24
 1181 06a2 00F4      		brsh .+2
 1182 06a4 00C0      		rjmp .L72
 1183               	.LM213:
 1184 06a6 1092 0000 		sts lost,__zero_reg__
 1185               	.LM214:
 1186 06aa 2C98      		cbi 37-32,4
 1187               	.LM215:
 1188 06ac 1092 8B00 		sts (138)+1,__zero_reg__
 1189 06b0 1092 8A00 		sts 138,__zero_reg__
 1190 06b4 8091 8A00 		lds r24,138
 1191 06b8 9091 8B00 		lds r25,(138)+1
 1192 06bc 9093 8900 		sts (136)+1,r25
 1193 06c0 8093 8800 		sts 136,r24
 1194 06c4 00E0      		ldi r16,lo8(0)
 1195 06c6 10E0      		ldi r17,hi8(0)
 1196 06c8 00C0      		rjmp .L73
 1197               	.LFE20:
 1199               	.global	count
 1200               	.global	count
 1201               		.section .bss
 1204               	count:
 1205 0000 0000      		.skip 2,0
 1206               	.global	porp
 1207               		.data
 1210               	porp:
 1211 0000 0000      		.word	0
 1212 0002 0000      		.word	0
 1213 0004 0000      		.word	0
 1214 0006 0000      		.word	0
 1215 0008 0000      		.word	0
 1216 000a 0100      		.word	1
 1217 000c 0200      		.word	2
 1218 000e 0300      		.word	3
 1219 0010 0400      		.word	4
 1220 0012 0500      		.word	5
 1221 0014 0600      		.word	6
 1222 0016 0700      		.word	7
 1223 0018 0800      		.word	8
 1224 001a 0900      		.word	9
 1225 001c 0A00      		.word	10
 1226 001e 0B00      		.word	11
 1227 0020 0C00      		.word	12
 1228 0022 0D00      		.word	13
 1229 0024 0E00      		.word	14
 1230 0026 0F00      		.word	15
 1231 0028 1000      		.word	16
 1232 002a 1100      		.word	17
 1233 002c 1200      		.word	18
 1234 002e 1300      		.word	19
 1235 0030 1400      		.word	20
 1236 0032 1500      		.word	21
 1237 0034 1600      		.word	22
 1238 0036 1700      		.word	23
 1239 0038 1800      		.word	24
 1240 003a 1900      		.word	25
 1241 003c 1A00      		.word	26
 1242 003e 1B00      		.word	27
 1243 0040 1C00      		.word	28
 1244 0042 1D00      		.word	29
 1245 0044 1E00      		.word	30
 1246 0046 1F00      		.word	31
 1247 0048 2000      		.word	32
 1248 004a 2100      		.word	33
 1249 004c 2200      		.word	34
 1250 004e 2300      		.word	35
 1251 0050 2400      		.word	36
 1252 0052 2500      		.word	37
 1253 0054 2600      		.word	38
 1254 0056 2700      		.word	39
 1255 0058 2800      		.word	40
 1256 005a 2900      		.word	41
 1257 005c 2A00      		.word	42
 1258 005e 2B00      		.word	43
 1259 0060 2C00      		.word	44
 1260 0062 2D00      		.word	45
 1261 0064 2E00      		.word	46
 1262 0066 2F00      		.word	47
 1263 0068 3000      		.word	48
 1264 006a 3100      		.word	49
 1265 006c 3200      		.word	50
 1266 006e 3300      		.word	51
 1267 0070 3400      		.word	52
 1268 0072 3500      		.word	53
 1269 0074 3600      		.word	54
 1270 0076 3700      		.word	55
 1271 0078 3800      		.word	56
 1272 007a 3900      		.word	57
 1273 007c 3A00      		.word	58
 1274 007e 3B00      		.word	59
 1275 0080 3C00      		.word	60
 1276 0082 3D00      		.word	61
 1277 0084 3E00      		.word	62
 1278 0086 3F00      		.word	63
 1279 0088 4000      		.word	64
 1280 008a 4100      		.word	65
 1281 008c 4200      		.word	66
 1282 008e 4300      		.word	67
 1283 0090 4400      		.word	68
 1284 0092 4500      		.word	69
 1285 0094 4600      		.word	70
 1286 0096 4700      		.word	71
 1287 0098 4800      		.word	72
 1288 009a 4900      		.word	73
 1289 009c 4A00      		.word	74
 1290 009e 4B00      		.word	75
 1291 00a0 4C00      		.word	76
 1292 00a2 4D00      		.word	77
 1293 00a4 4E00      		.word	78
 1294 00a6 4F00      		.word	79
 1295 00a8 5000      		.word	80
 1296 00aa 5100      		.word	81
 1297 00ac 5200      		.word	82
 1298 00ae 5300      		.word	83
 1299 00b0 5400      		.word	84
 1300 00b2 5500      		.word	85
 1301 00b4 5600      		.word	86
 1302 00b6 5700      		.word	87
 1303 00b8 5800      		.word	88
 1304 00ba 5900      		.word	89
 1305 00bc 5A00      		.word	90
 1306 00be 5B00      		.word	91
 1307 00c0 5C00      		.word	92
 1308 00c2 5D00      		.word	93
 1309 00c4 5E00      		.word	94
 1310 00c6 5F00      		.word	95
 1311 00c8 6000      		.word	96
 1312 00ca 6100      		.word	97
 1313 00cc 6200      		.word	98
 1314 00ce 6300      		.word	99
 1315 00d0 6400      		.word	100
 1316 00d2 6500      		.word	101
 1317 00d4 6600      		.word	102
 1318 00d6 6700      		.word	103
 1319 00d8 6800      		.word	104
 1320 00da 6900      		.word	105
 1321 00dc 6A00      		.word	106
 1322 00de 6B00      		.word	107
 1323 00e0 6C00      		.word	108
 1324 00e2 6D00      		.word	109
 1325 00e4 6E00      		.word	110
 1326 00e6 6F00      		.word	111
 1327 00e8 7000      		.word	112
 1328 00ea 7100      		.word	113
 1329 00ec 7200      		.word	114
 1330 00ee 7300      		.word	115
 1331 00f0 7400      		.word	116
 1332 00f2 7500      		.word	117
 1333 00f4 7600      		.word	118
 1334 00f6 7700      		.word	119
 1335 00f8 7800      		.word	120
 1336 00fa 7900      		.word	121
 1337 00fc 7A00      		.word	122
 1338 00fe 7B00      		.word	123
 1339 0100 7C00      		.word	124
 1340 0102 7D00      		.word	125
 1341 0104 7E00      		.word	126
 1342 0106 7F00      		.word	127
 1343 0108 8000      		.word	128
 1344 010a 8100      		.word	129
 1345 010c 8200      		.word	130
 1346 010e 8300      		.word	131
 1347 0110 8400      		.word	132
 1348 0112 8500      		.word	133
 1349 0114 8600      		.word	134
 1350 0116 8700      		.word	135
 1351 0118 8800      		.word	136
 1352 011a 8900      		.word	137
 1353 011c 8A00      		.word	138
 1354 011e 8B00      		.word	139
 1355 0120 8C00      		.word	140
 1356 0122 8D00      		.word	141
 1357 0124 8E00      		.word	142
 1358 0126 8F00      		.word	143
 1359 0128 9000      		.word	144
 1360 012a 9100      		.word	145
 1361 012c 9200      		.word	146
 1362 012e 9300      		.word	147
 1363 0130 9400      		.word	148
 1364 0132 9500      		.word	149
 1365 0134 9600      		.word	150
 1366 0136 9700      		.word	151
 1367 0138 9800      		.word	152
 1368 013a 9900      		.word	153
 1369 013c 9A00      		.word	154
 1370 013e 9B00      		.word	155
 1371 0140 9C00      		.word	156
 1372 0142 9D00      		.word	157
 1373 0144 9E00      		.word	158
 1374 0146 9F00      		.word	159
 1375 0148 A000      		.word	160
 1376 014a A100      		.word	161
 1377 014c A200      		.word	162
 1378 014e A300      		.word	163
 1379 0150 A400      		.word	164
 1380 0152 A500      		.word	165
 1381 0154 A600      		.word	166
 1382 0156 A700      		.word	167
 1383 0158 A800      		.word	168
 1384 015a A900      		.word	169
 1385 015c AA00      		.word	170
 1386 015e AB00      		.word	171
 1387 0160 AC00      		.word	172
 1388 0162 AD00      		.word	173
 1389 0164 AE00      		.word	174
 1390 0166 AF00      		.word	175
 1391 0168 B000      		.word	176
 1392 016a B100      		.word	177
 1393 016c B200      		.word	178
 1394 016e B300      		.word	179
 1395 0170 B400      		.word	180
 1396 0172 B500      		.word	181
 1397 0174 B600      		.word	182
 1398 0176 B700      		.word	183
 1399 0178 B800      		.word	184
 1400 017a B900      		.word	185
 1401 017c BA00      		.word	186
 1402 017e BB00      		.word	187
 1403 0180 BC00      		.word	188
 1404 0182 BD00      		.word	189
 1405 0184 BE00      		.word	190
 1406 0186 BF00      		.word	191
 1407 0188 C000      		.word	192
 1408 018a C100      		.word	193
 1409 018c C200      		.word	194
 1410 018e C300      		.word	195
 1411 0190 C400      		.word	196
 1412 0192 C500      		.word	197
 1413 0194 C600      		.word	198
 1414 0196 C700      		.word	199
 1415 0198 C800      		.word	200
 1416 019a C900      		.word	201
 1417 019c CA00      		.word	202
 1418 019e CB00      		.word	203
 1419 01a0 CC00      		.word	204
 1420 01a2 CD00      		.word	205
 1421 01a4 CE00      		.word	206
 1422 01a6 CF00      		.word	207
 1423 01a8 D000      		.word	208
 1424 01aa D100      		.word	209
 1425 01ac D200      		.word	210
 1426 01ae D300      		.word	211
 1427 01b0 D400      		.word	212
 1428 01b2 D500      		.word	213
 1429 01b4 D600      		.word	214
 1430 01b6 D700      		.word	215
 1431 01b8 D800      		.word	216
 1432 01ba D900      		.word	217
 1433 01bc DA00      		.word	218
 1434 01be DB00      		.word	219
 1435 01c0 DC00      		.word	220
 1436 01c2 DD00      		.word	221
 1437 01c4 DE00      		.word	222
 1438 01c6 DF00      		.word	223
 1439 01c8 E000      		.word	224
 1440 01ca E100      		.word	225
 1441 01cc E200      		.word	226
 1442 01ce E300      		.word	227
 1443 01d0 E400      		.word	228
 1444 01d2 E500      		.word	229
 1445 01d4 E600      		.word	230
 1446 01d6 E700      		.word	231
 1447 01d8 E800      		.word	232
 1448 01da E900      		.word	233
 1449 01dc EA00      		.word	234
 1450 01de EB00      		.word	235
 1451 01e0 EC00      		.word	236
 1452 01e2 ED00      		.word	237
 1453 01e4 EE00      		.word	238
 1454 01e6 EF00      		.word	239
 1455 01e8 F000      		.word	240
 1456 01ea F100      		.word	241
 1457 01ec F200      		.word	242
 1458 01ee F300      		.word	243
 1459 01f0 F400      		.word	244
 1460 01f2 F500      		.word	245
 1461 01f4 F600      		.word	246
 1462 01f6 F700      		.word	247
 1463 01f8 F800      		.word	248
 1464 01fa F900      		.word	249
 1465 01fc FA00      		.word	250
 1466 01fe FB00      		.word	251
 1467               	.global	t0Count
 1468               	.global	t0Count
 1469               		.section .bss
 1472               	t0Count:
 1473 0002 00        		.skip 1,0
 1474               	.global	t0Start
 1475               	.global	t0Start
 1478               	t0Start:
 1479 0003 00        		.skip 1,0
 1480               	.global	i0Flag
 1481               		.data
 1484               	i0Flag:
 1485 0200 01        		.byte	1
 1486               	.global	i1Flag
 1489               	i1Flag:
 1490 0201 01        		.byte	1
 1491               	.global	s0Count
 1492               	.global	s0Count
 1493               		.section .bss
 1496               	s0Count:
 1497 0004 0000      		.skip 2,0
 1498               	.global	s1Count
 1499               	.global	s1Count
 1502               	s1Count:
 1503 0006 0000      		.skip 2,0
 1504               	.global	i0Start
 1505               	.global	i0Start
 1508               	i0Start:
 1509 0008 0000      		.skip 2,0
 1510               	.global	i1Start
 1511               	.global	i1Start
 1514               	i1Start:
 1515 000a 0000      		.skip 2,0
 1516               	.global	s0Ready
 1517               	.global	s0Ready
 1520               	s0Ready:
 1521 000c 00        		.skip 1,0
 1522               	.global	s1Ready
 1523               	.global	s1Ready
 1526               	s1Ready:
 1527 000d 00        		.skip 1,0
 1528               	.global	lost
 1529               		.data
 1532               	lost:
 1533 0202 01        		.byte	1
 1534               	.global	history
 1537               	history:
 1538 0203 FFFF      		.word	-1
 1539 0205 FFFF      		.word	-1
 1660               	.Letext0:
DEFINED SYMBOLS
                            *ABS*:00000000 brush.c
C:\Users\yj\AppData\Local\Temp/ccXKHfdl.s:2      *ABS*:0000003f __SREG__
C:\Users\yj\AppData\Local\Temp/ccXKHfdl.s:3      *ABS*:0000003e __SP_H__
C:\Users\yj\AppData\Local\Temp/ccXKHfdl.s:4      *ABS*:0000003d __SP_L__
C:\Users\yj\AppData\Local\Temp/ccXKHfdl.s:5      *ABS*:00000034 __CCP__
C:\Users\yj\AppData\Local\Temp/ccXKHfdl.s:6      *ABS*:00000000 __tmp_reg__
C:\Users\yj\AppData\Local\Temp/ccXKHfdl.s:7      *ABS*:00000001 __zero_reg__
C:\Users\yj\AppData\Local\Temp/ccXKHfdl.s:18     .text:00000000 PortInt
C:\Users\yj\AppData\Local\Temp/ccXKHfdl.s:52     .text:0000001c T2Int
C:\Users\yj\AppData\Local\Temp/ccXKHfdl.s:79     .text:00000038 T1Int
C:\Users\yj\AppData\Local\Temp/ccXKHfdl.s:106    .text:0000005a EiInit
C:\Users\yj\AppData\Local\Temp/ccXKHfdl.s:124    .text:00000066 ADCInit
C:\Users\yj\AppData\Local\Temp/ccXKHfdl.s:145    .text:0000007a AdConvert
C:\Users\yj\AppData\Local\Temp/ccXKHfdl.s:201    .text:000000c0 display
C:\Users\yj\AppData\Local\Temp/ccXKHfdl.s:385    .text:0000015e __vector_16
C:\Users\yj\AppData\Local\Temp/ccXKHfdl.s:1472   .bss:00000002 t0Count
C:\Users\yj\AppData\Local\Temp/ccXKHfdl.s:421    .text:0000018e __vector_1
C:\Users\yj\AppData\Local\Temp/ccXKHfdl.s:1484   .data:00000200 i0Flag
C:\Users\yj\AppData\Local\Temp/ccXKHfdl.s:1478   .bss:00000003 t0Start
C:\Users\yj\AppData\Local\Temp/ccXKHfdl.s:1508   .bss:00000008 i0Start
C:\Users\yj\AppData\Local\Temp/ccXKHfdl.s:1496   .bss:00000004 s0Count
C:\Users\yj\AppData\Local\Temp/ccXKHfdl.s:1520   .bss:0000000c s0Ready
C:\Users\yj\AppData\Local\Temp/ccXKHfdl.s:1532   .data:00000202 lost
C:\Users\yj\AppData\Local\Temp/ccXKHfdl.s:557    .text:0000029a __vector_2
C:\Users\yj\AppData\Local\Temp/ccXKHfdl.s:1489   .data:00000201 i1Flag
C:\Users\yj\AppData\Local\Temp/ccXKHfdl.s:1514   .bss:0000000a i1Start
C:\Users\yj\AppData\Local\Temp/ccXKHfdl.s:1502   .bss:00000006 s1Count
C:\Users\yj\AppData\Local\Temp/ccXKHfdl.s:1526   .bss:0000000d s1Ready
C:\Users\yj\AppData\Local\Temp/ccXKHfdl.s:693    .text:000003a6 move
C:\Users\yj\AppData\Local\Temp/ccXKHfdl.s:1537   .data:00000203 history
C:\Users\yj\AppData\Local\Temp/ccXKHfdl.s:795    .text:00000424 CloseHB
C:\Users\yj\AppData\Local\Temp/ccXKHfdl.s:815    .text:0000042e main
C:\Users\yj\AppData\Local\Temp/ccXKHfdl.s:1204   .bss:00000000 count
C:\Users\yj\AppData\Local\Temp/ccXKHfdl.s:1210   .data:00000000 porp

UNDEFINED SYMBOLS
__do_copy_data
__do_clear_bss
