   1               		.file	"uart.c"
   2               	__SREG__ = 0x3f
   3               	__SP_H__ = 0x3e
   4               	__SP_L__ = 0x3d
   5               	__CCP__  = 0x34
   6               	__tmp_reg__ = 0
   7               	__zero_reg__ = 1
   9               		.text
  10               	.Ltext0:
  89               	.global	uart_init
  91               	uart_init:
   1:uart.c        **** #include "uart.h"
   2:uart.c        **** 
   3:uart.c        **** #define MESSAGE_BUF_MASK	(MESSAGE_BUF_SIZE - 1)
   4:uart.c        **** #define RX_BUF_SIZE			(MESSAGE_BUF_SIZE * MAX_LAENGE)
   5:uart.c        **** #define TX_BUF_MASK			(TX_BUF_SIZE - 1)
   6:uart.c        **** 
   7:uart.c        **** static volatile unsigned char tx_buf[TX_BUF_SIZE];
   8:uart.c        **** static volatile unsigned char tx_tail = 0;
   9:uart.c        **** static volatile unsigned char tx_head = 0;
  10:uart.c        **** void uart_init(void);
  11:uart.c        **** void uart_putc(unsigned char data);
  12:uart.c        **** void uart_puts_p(const char *progmem_s);
  13:uart.c        **** void uart_put_dec(uint16_t wert, unsigned char anzahl, unsigned char fuell);
  14:uart.c        **** void uart_put_hex(unsigned char wert);
  15:uart.c        **** 
  16:uart.c        **** void uart_init(void)
  17:uart.c        **** {
  92               	tabn	68,0,19,.LM1-.LFBB1
  93               	.LM1:
  94               		sts 197,__zero_reg__
  96               	.LM2:
  18:uart.c        **** l, unsigned char fuell);
  19:uart.c        **** void uart_put_hex(unsigned char wert);
  97               	r24,lo8(11)
  98               		sts 196,r24
  20:uart.c        **** t wert, unsigned char anzahl, unsigned char fuell);
 100               	3:
 101               		ldi r24,lo8(-104)
 102 0004 8BE0      		sts 193,r24
  21:uart.c        **** r *progmem_s);
 104               	:
 105               		ldi r24,lo8(6)
 106 000a 88E9      		sts 194,r24
 107 000c 8093 C100 	/* epilogue start */
  22:uart.c        **** art_init(void);
 108               	abn	68,0,23,.LM5-.LFBB1
 109               	.LM5:
 110 0010 86E0      		ret
 112               	.Lscope1:
  23:uart.c        **** le unsigned char tx_tail = 0;
 113               	bs	"uart_putc:F(0,15)",36,0,0,uart_putc
 115 0016 0895      	.global	uart_putc
 117               	uart_putc:
 119               	.LM6:
 120               	.LFBB2:
 121               		push r17
 122               	/* prologue: function */
  24:uart.c        **** )
  25:uart.c        **** 
  26:uart.c        **** static volatile unsigned char tx_buf[TX_BUF_SIZE];
  27:uart.c        **** static volatile unsigned char tx_tail = 0;
 123               	ize = 0 */
 124               		mov r17,r24
 126 0018 1F93      	.LM7:
 127               		cpi r24,lo8(10)
 128               		brne .L4
  28:uart.c        **** )
  29:uart.c        **** 
 130               	ldi r24,lo8(13)
 131               		rcall uart_putc
 132 001c 8A30      	.L4:
  30:uart.c        ****  1)
 134               	:
 135               		lds r25,tx_head
 136 0020 8DE0      		subi r25,lo8(-(1))
 137 0022 00D0      		andi r25,lo8(31)
 138               	.L5:
  31:uart.c        **** #include "uart.h"
 139               	bn	68,0,32,.LM10-.LFBB2
 140               	.LM10:
 141 0024 9091 0000 		lds r24,tx_tail
 142 0028 9F5F      		cp r25,r24
 143 002a 9F71      		breq .L5
  32:uart.c        **** #include "uart.h"
 145               	
 146               		mov r30,r25
 147 002c 8091 0000 		ldi r31,lo8(0)
 148 0030 9817      		subi r30,lo8(-(tx_buf))
 149 0032 01F0      		sbci r31,hi8(-(tx_buf))
  33:uart.c        **** #include "uart.h"
 150               	Z,r17
 152 0034 E92F      	.LM12:
 153 0036 F0E0      		sts tx_head,r25
 155 003a F040      	.LM13:
 156 003c 1083      		lds r24,193
  34:uart.c        **** #include "uart.h"
 157               	4,lo8(32)
 158               		sts 193,r24
 159 003e 9093 0000 	/* epilogue start */
  35:uart.c        **** #include "uart.h"
 160               	tabn	68,0,36,.LM14-.LFBB2
 161               	.LM14:
 162 0042 8091 C100 		pop r17
 163 0046 8062      		ret
  36:uart.c        **** #include "uart.h"
 166               	n	192,0,0,.LFBB2-.LFBB2
 168 004c 1F91      	.Lscope2:
 171               	.global	uart_puts_p
 173               	uart_puts_p:
 175               	.LM15:
 176               	.LFBB3:
 177               		push r28
 178               		push r29
 179               	/* prologue: function */
  37:uart.c        **** #include "uart.h"
  38:uart.c        **** 
  39:uart.c        **** #define MESSAGE_BUF_MASK	(MESSAGE_BUF_SIZE - 1)
  40:uart.c        **** #define RX_BUF_SIZE			(MESSAGE_BUF_SIZE * MAX_LAENGE)
 180               	= 0 */
 181               		movw r28,r24
 182               		rjmp .L9
 183 0050 CF93      	.L10:
 185               	.LM16:
 186               		rcall uart_putc
 187 0054 EC01      	.L9:
 188 0056 00C0      		movw r30,r28
 189               	.LBB2:
  41:uart.c        **** define MESSAGE_BUF_MASK	(MESSAGE_BUF_SIZE - 1)
  42:uart.c        **** #define RX_BUF_SIZE			(MESSAGE_BUF_SIZE * MAX_LAENGE)
  43:uart.c        **** #define TX_BUF_MASK			(TX_BUF_SIZE - 1)
 190               	,0,42,.LM17-.LFBB3
 191               	.LM17:
 192 0058 00D0      		adiw r28,1
 193               	/* #APP */
 194 005a FE01      	 ;  42 "uart.c" 1
 195               		lpm r24, Z
 196               		
 197               	 ;  0 "" 2
 198 005c 2196      	/* #NOAPP */
 199               	.LBE2:
 200               		tst r24
 201 005e 8491      		brne .L10
 202               	/* epilogue start */
 204               	.LM18:
 205               		pop r29
 206 0060 8823      		pop r28
 207 0062 01F4      		ret
  44:uart.c        ****  - 1)
 209               	(6,4)",64,0,0,30
 213 0068 0895      	.Lscope3:
 217               	.global	uart_put_dec
 219               	uart_put_dec:
 221               	.LM19:
 222               	.LFBB4:
 223               		push r13
 224               		push r14
 225               		push r15
  45:uart.c        **** #include "uart.h"
  46:uart.c        **** 
  47:uart.c        **** #define MESSAGE_BUF_MASK	(MESSAGE_BUF_SIZE - 1)
  48:uart.c        **** #define RX_BUF_SIZE			(MESSAGE_BUF_SIZE * MAX_LAENGE)
 226               	17
 227               		push r29
 228               		push r28
 229 006a DF92      		in r28,__SP_L__
 230 006c EF92      		in r29,__SP_H__
 231 006e FF92      		sbiw r28,10
 232 0070 0F93      		in __tmp_reg__,__SREG__
 233 0072 1F93      		cli
 234 0074 DF93      		out __SP_H__,r29
 235 0076 CF93      		out __SREG__,__tmp_reg__
 236 0078 CDB7      		out __SP_L__,r28
 237 007a DEB7      	/* prologue: function */
 238 007c 2A97      	/* frame size = 10 */
 239 007e 0FB6      		mov r19,r24
 240 0080 F894      		mov r18,r25
 241 0082 DEBF      		mov r13,r22
 243 0086 CDBF      	.LM20:
 244               		mov r16,r22
 245               		ldi r17,lo8(0)
 246 0088 382F      		movw r30,r28
 247 008a 292F      		adiw r30,1
 248 008c D62E      		add r30,r16
 249               		adc r31,r17
 250               		rjmp .L13
 251 008e 062F      	.L14:
 253 0092 FE01      	.LM21:
 254 0094 3196      		mov r24,r19
 255 0096 E00F      		mov r25,r18
 256 0098 F11F      		ldi r22,lo8(10)
 257 009a 00C0      		ldi r23,hi8(10)
 258               		rcall __udivmodhi4
  49:uart.c        **** define MESSAGE_BUF_MASK	(MESSAGE_BUF_SIZE - 1)
  50:uart.c        **** #define RX_BUF_SIZE			(MESSAGE_BUF_SIZE * MAX_LAENGE)
  51:uart.c        **** #define TX_BUF_MASK			(TX_BUF_SIZE - 1)
  52:uart.c        **** 
 259               	stabn	68,0,53,.LM22-.LFBB4
 260               	.LM22:
 261 009c 832F      		mov r24,r19
 262 009e 922F      		mov r25,r18
 263 00a0 6AE0      		ldi r22,lo8(10)
 264 00a2 70E0      		ldi r23,hi8(10)
 265 00a4 00D0      		rcall __udivmodhi4
 266 00a6 805D      		mov r19,r22
 267 00a8 8083      		mov r18,r23
  53:uart.c        ****  1)
 268               	iw r30,1
 270 00aa 832F      	.LM23:
 271 00ac 922F      		cp r30,r28
 272 00ae 6AE0      		cpc r31,r29
 273 00b0 70E0      		brne .L14
 274 00b2 00D0      		ldi r18,lo8(0)
 276 00b6 272F      	.LM24:
 277               		movw r22,r16
 278 00b8 3197      		subi r22,lo8(-(-1))
 279               		sbci r23,hi8(-(-1))
 281 00ba EC17      	.LM25:
 282 00bc FD07      		movw r26,r28
 283 00be 01F4      		adiw r26,1
 284 00c0 20E0      		rjmp .L15
  54:uart.c        **** #include "uart.h"
  55:uart.c        **** 
  56:uart.c        **** #define MESSAGE_BUF_MASK	(MESSAGE_BUF_SIZE - 1)
 285               	26
 286               		add r30,r24
 287 00c2 B801      		adc r31,r25
 288 00c4 6150      		ld r24,Z
 289 00c6 7040      		cpi r24,lo8(48)
  57:uart.c        **** #include "uart.h"
  58:uart.c        **** 
 290               	56,.LM24-.LFBB4
 291               	.LM24:
 292 00c8 DE01      		movw r22,r16
 293 00ca 1196      		subi r22,lo8(-(-1))
 294 00cc 00C0      		sbci r23,hi8(-(-1))
 296 00ce FD01      	.LM25:
 297 00d0 E80F      		movw r26,r28
 298 00d2 F91F      		adiw r26,1
 299 00d4 8081      		rjmp .L15
 300 00d6 8033      	.L18:
 301 00d8 01F0      		movw r30,r26
 302               		add r30,r24
 303 00da 7E01      		adc r31,r25
 304 00dc 0894      		ld r24,Z
 305 00de E11C      		cpi r24,lo8(48)
 306 00e0 F11C      		breq .L16
 307 00e2 8701      	.L19:
 308 00e4 00C0      		movw r14,r28
 309               		sec
  59:uart.c        **** #include "uart.h"
 310               	_
 311               		adc r15,__zero_reg__
 312 00e6 4083      		movw r16,r14
 313               		rjmp .L17
 314               	.L16:
 316               	.LM26:
 317 00ea 822F      		st Z,r20
 319 00ee 8617      	.LM27:
 320 00f0 9707      		subi r18,lo8(-(1))
 321 00f2 04F0      	.L15:
 322 00f4 00C0      		mov r24,r18
 323               		ldi r25,lo8(0)
  60:uart.c        **** #include "uart.h"
  61:uart.c        **** 
  62:uart.c        **** #define MESSAGE_BUF_MASK	(MESSAGE_BUF_SIZE - 1)
  63:uart.c        **** #define RX_BUF_SIZE			(MESSAGE_BUF_SIZE * MAX_LAENGE)
  64:uart.c        **** #define TX_BUF_MASK			(TX_BUF_SIZE - 1)
  65:uart.c        **** 
 324               	r14,__zero_reg__
 325               		adc r15,__zero_reg__
 326 00f6 F801      		movw r16,r14
 327 00f8 8191      		rjmp .L17
 328 00fa 8F01      	.L16:
 330               	.LM26:
 331               		st Z,r20
 333 00fe 802F      	.LM27:
 334 0100 8E19      		subi r18,lo8(-(1))
 335 0102 8D15      	.L15:
 336 0104 00F0      		mov r24,r18
 337               		ldi r25,lo8(0)
  66:uart.c        ****  1)
 338               	r14,__zero_reg__
 339               		adc r15,__zero_reg__
 340 0106 2A96      		movw r16,r14
 341 0108 0FB6      		rjmp .L17
 342 010a F894      	.L16:
 344 010e 0FBE      	.LM26:
 345 0110 CDBF      		st Z,r20
 347 0114 DF91      	.LM27:
 348 0116 1F91      		subi r18,lo8(-(1))
 349 0118 0F91      	.L15:
 350 011a FF90      		mov r24,r18
 351 011c EF90      		ldi r25,lo8(0)
 352 011e DF90      		cp r24,r22
 353 0120 0895      		cpc r25,r23
 354               		brlt .L18
 355               		rjmp .L19
 356               	.L20:
 358               	.LM28:
 359               		movw r30,r16
 360               		ld r24,Z+
 361               		movw r16,r30
 362               		rcall uart_putc
 363               	.L17:
  67:uart.c        **** #include "uart.h"
  68:uart.c        **** 
  69:uart.c        **** #define MESSAGE_BUF_MASK	(MESSAGE_BUF_SIZE - 1)
  70:uart.c        **** #define RX_BUF_SIZE			(MESSAGE_BUF_SIZE * MAX_LAENGE)
 365               	di r25,lo8(0)
 366               		cp r24,r22
 367               		cpc r25,r23
 368 0122 1F93      		brlt .L18
 369               		rjmp .L19
 370               	.L20:
  71:uart.c        **** define MESSAGE_BUF_MASK	(MESSAGE_BUF_SIZE - 1)
  72:uart.c        **** #define RX_BUF_SIZE			(MESSAGE_BUF_SIZE * MAX_LAENGE)
  73:uart.c        **** #define TX_BUF_MASK			(TX_BUF_SIZE - 1)
  74:uart.c        **** 
  75:uart.c        **** static volatile unsigned char tx_buf[TX_BUF_SIZE];
 372               	M26-.LFBB4
 373               	.LM26:
 374 0126 982F      		st Z,r20
 376 012a 9F70      	.LM27:
  76:uart.c        **** ENGE)
 377               	
 378               		cpi r24,lo8(48)
 379 012c 892F      		breq .L16
 380 012e 805D      	.L19:
  77:uart.c        **** define MESSAGE_BUF_MASK	(MESSAGE_BUF_SIZE - 1)
 381               	24:
 382               		movw r22,r16
 383 0130 8A33      		subi r22,lo8(-(-1))
 384 0132 00F0      		sbci r23,hi8(-(-1))
  78:uart.c        **** #include "uart.h"
 385               	abn	68,0,58,.LM25-.LFBB4
 386               	.LM25:
 387 0134 895F      		movw r26,r28
 388               		adiw r26,1
  79:uart.c        **** #include "uart.h"
  80:uart.c        **** 
  81:uart.c        **** #define MESSAGE_BUF_MASK	(MESSAGE_BUF_SIZE - 1)
 389               	p .L15
 390               	.L18:
 391 0136 922F      		movw r30,r26
 392 0138 9F70      		add r30,r24
 393 013a 192F      		adc r31,r25
 394 013c 105D      		ld r24,Z
  82:uart.c        **** #include "uart.h"
 395               	8(0)
 397 013e 1A33      	.LM24:
 398 0140 00F0      		movw r22,r16
  83:uart.c        **** #include "uart.h"
 399               	i r22,lo8(-(-1))
 400               		sbci r23,hi8(-(-1))
 402               	.LM25:
  84:uart.c        **** #include "uart.h"
 403               	w r26,r28
 404               		adiw r26,1
 405 0144 00D0      		rjmp .L15
  85:uart.c        **** #include "uart.h"
 406               	.LFBB4
 407               	.LM23:
 408 0146 812F      		cp r30,r28
 409 0148 00D0      		cpc r31,r29
 410               		brne .L14
  86:uart.c        **** #include "uart.h"
 411               	r18,lo8(0)
 413 014a 1F91      	.LM24:
 414 014c 0895      		movw r22,r16
 415               		subi r22,lo8(-(-1))
 416               		sbci r23,hi8(-(-1))
 418               	.LM25:
 419               		movw r26,r28
 420               		adiw r26,1
 421               		rjmp .L15
 422               	.L18:
 423               		movw r30,r26
 424               		add r30,r24
  87:uart.c        **** #include "uart.h"
  88:uart.c        **** 
  89:uart.c        **** #define MESSAGE_BUF_MASK	(MESSAGE_BUF_SIZE - 1)
 425               	ld r24,Z
 426               		cpi r24,lo8(48)
 427               		breq .L16
 428 014e 1F92      	.L19:
 429 0150 0F92      		movw r14,r28
 430 0152 0FB6      		sec
 431 0154 0F92      		adc r14,__zero_reg__
 432 0156 1124      		adc r15,__zero_reg__
 433 0158 8F93      		movw r16,r14
 434               		rjmp .L17
 435               	.L16:
  90:uart.c        **** #include "uart.h"
  91:uart.c        **** 
 436               	 r26,r28
 437               		adiw r26,1
 438 015a 8091 C600 		rjmp .L15
 439               	.L18:
  92:uart.c        **** #include "uart.h"
 440               	.LM23:
 441               		cp r30,r28
 442 015e 8F91      		cpc r31,r29
 443 0160 0F90      		brne .L14
 444 0162 0FBE      		ldi r18,lo8(0)
 446 0166 1F90      	.LM24:
 447 0168 1895      		movw r22,r16
 448               		subi r22,lo8(-(-1))
 449               		sbci r23,hi8(-(-1))
 451               	.LM25:
 452               		movw r26,r28
 453               		adiw r26,1
 454               		rjmp .L15
 455               	.L18:
 456               		movw r30,r26
  93:uart.c        **** #include "uart.h"
  94:uart.c        **** 
  95:uart.c        **** #define MESSAGE_BUF_MASK	(MESSAGE_BUF_SIZE - 1)
 457               	 r31,r25
 458               		ld r24,Z
 459               		cpi r24,lo8(48)
 460 016a 1F92      		breq .L16
 461 016c 0F92      	.L19:
 462 016e 0FB6      		movw r14,r28
 463 0170 0F92      		sec
 464 0172 1124      		adc r14,__zero_reg__
 465 0174 8F93      		adc r15,__zero_reg__
 466 0176 9F93      		movw r16,r14
 467 0178 EF93      		rjmp .L17
 468 017a FF93      	.L16:
 470               	.LM26:
  96:uart.c        **** #include "uart.h"
  97:uart.c        **** 
 471               		movw r30,r26
 472               		add r30,r24
 473 017c 9091 0000 		adc r31,r25
 474 0180 8091 0000 		ld r24,Z
 475 0184 9817      		cpi r24,lo8(48)
 476 0186 01F0      		breq .L16
  98:uart.c        **** #include "uart.h"
  99:uart.c        **** 
 477               	BB4
 478               	.LM24:
 479 0188 E091 0000 		movw r22,r16
 480 018c EF5F      		subi r22,lo8(-(-1))
 481 018e EF71      		sbci r23,hi8(-(-1))
 100:uart.c        **** #include "uart.h"
 482               	bn	68,0,58,.LM25-.LFBB4
 483               	.LM25:
 484 0190 E093 0000 		movw r26,r28
 101:uart.c        **** #include "uart.h"
 485               	iw r26,1
 486               		rjmp .L15
 487 0194 F0E0      	.L18:
 488 0196 E050      		movw r30,r26
 489 0198 F040      		add r30,r24
 490 019a 8081      		adc r31,r25
 491 019c 8093 C600 		ld r24,Z
 492 01a0 00C0      		cpi r24,lo8(48)
 493               		breq .L16
 102:uart.c        **** #include "uart.h"
 103:uart.c        **** 
 104:uart.c        **** #define MESSAGE_BUF_MASK	(MESSAGE_BUF_SIZE - 1)
 494               	BB4
 495               	.LM24:
 496 01a2 8091 C100 		movw r22,r16
 497 01a6 8F7D      		subi r22,lo8(-(-1))
 498 01a8 8093 C100 		sbci r23,hi8(-(-1))
 500               	.LM25:
 105:uart.c        **** #include "uart.h"
 501               	26,r28
 502               		adiw r26,1
 503 01ac FF91      		rjmp .L15
 504 01ae EF91      	.L18:
 505 01b0 9F91      		movw r30,r26
 506 01b2 8F91      		add r30,r24
 507 01b4 0F90      		adc r31,r25
 508 01b6 0FBE      		ld r24,Z
 509 01b8 0F90      		cpi r24,lo8(48)
 510 01ba 1F90      		breq .L16
 511 01bc 1895      	.L19:
 512               		movw r14,r28
 513               		sec
 514               		adc r14,__zero_reg__
 515               		adc r15,__zero_reg__
 516               		movw r16,r14
 517               		rjmp .L17
 518               	.L16:
 520               	.LM26:
 521               		st Z,r20
 523               	.LM27:
 524               		subi r18,lo8(-(1))
 525               	.L15:
DEFINED SYMBOLS
                            *ABS*:00000000 uart.c
C:\Users\ADMINI~1\AppData\Local\Temp/cc6yxXlV.s:2      *ABS*:0000003f __SREG__
C:\Users\ADMINI~1\AppData\Local\Temp/cc6yxXlV.s:3      *ABS*:0000003e __SP_H__
C:\Users\ADMINI~1\AppData\Local\Temp/cc6yxXlV.s:4      *ABS*:0000003d __SP_L__
C:\Users\ADMINI~1\AppData\Local\Temp/cc6yxXlV.s:5      *ABS*:00000034 __CCP__
C:\Users\ADMINI~1\AppData\Local\Temp/cc6yxXlV.s:6      *ABS*:00000000 __tmp_reg__
C:\Users\ADMINI~1\AppData\Local\Temp/cc6yxXlV.s:7      *ABS*:00000001 __zero_reg__
C:\Users\ADMINI~1\AppData\Local\Temp/cc6yxXlV.s:91     .text:00000000 uart_init
C:\Users\ADMINI~1\AppData\Local\Temp/cc6yxXlV.s:122    .text:00000018 uart_putc
                             .bss:00000000 tx_head
C:\Users\ADMINI~1\AppData\Local\Temp/cc6yxXlV.s:517    .bss:00000001 tx_tail
C:\Users\ADMINI~1\AppData\Local\Temp/cc6yxXlV.s:518    .bss:00000002 tx_buf
C:\Users\ADMINI~1\AppData\Local\Temp/cc6yxXlV.s:179    .text:00000050 uart_puts_p
C:\Users\ADMINI~1\AppData\Local\Temp/cc6yxXlV.s:225    .text:0000006a uart_put_dec
C:\Users\ADMINI~1\AppData\Local\Temp/cc6yxXlV.s:364    .text:00000122 uart_put_hex
C:\Users\ADMINI~1\AppData\Local\Temp/cc6yxXlV.s:424    .text:0000014e __vector_18
C:\Users\ADMINI~1\AppData\Local\Temp/cc6yxXlV.s:456    .text:0000016a __vector_20

UNDEFINED SYMBOLS
__udivmodhi4
__do_clear_bss
